<?xml version="1.0" encoding="UTF-8"?>
<!-- Generated by org.testng.reporters.JUnitXMLReporter -->
<testsuite ignored="0" hostname="ASISH" failures="0" tests="3" name="test001" time="7.591" errors="0" timestamp="2023-11-10T11:36:43 IST">
  <testcase classname="restassuredscipts.ScriptMain" name="post_Call_Method" time="4.579"/>
  <testcase classname="restassuredscipts.ScriptMain" name="get_Call_Method" time="1.503"/>
  <testcase classname="restassuredscipts.ScriptMain" name="delete_Call_Method" time="1.409"/>
</testsuite> <!-- test001 -->
