<?xml version="1.0" encoding="UTF-8"?>
<testng-results ignored="0" total="1" passed="1" failed="0" skipped="0">
  <reporter-output>
  </reporter-output>
  <suite started-at="2023-11-10T12:40:15 IST" name="Default suite" finished-at="2023-11-10T12:40:23 IST" duration-ms="8323">
    <groups>
    </groups>
    <test started-at="2023-11-10T12:40:15 IST" name="Default test" finished-at="2023-11-10T12:40:23 IST" duration-ms="8323">
      <class name="restassuredscripts2.Script004Run">
        <test-method signature="Put_Method_Call()[pri:0, instance:restassuredscripts2.Script004Run@3527942a]" started-at="2023-11-10T12:40:15 IST" name="Put_Method_Call" finished-at="2023-11-10T12:40:23 IST" duration-ms="8223" status="PASS">
          <reporter-output>
          </reporter-output>
        </test-method> <!-- Put_Method_Call -->
      </class> <!-- restassuredscripts2.Script004Run -->
    </test> <!-- Default test -->
  </suite> <!-- Default suite -->
</testng-results>
